<?xml version="1.0" encoding="UTF-8"?>
<!-- Generated by org.testng.reporters.JUnitReportReporter -->
<testsuite hostname="EPAMYERW00A2" failures="0" tests="1" name="com.ctco.tests.TestAutomationEngineerSkillsAmountVerificationTest" time="2.575" errors="0" timestamp="21 Sep 2022 15:08:21 GMT" skipped="0">
  <testcase classname="com.ctco.tests.TestAutomationEngineerSkillsAmountVerificationTest" name="verifyTestAutomationEngineerSkillsAmount" time="2.575"/>
</testsuite> <!-- com.ctco.tests.TestAutomationEngineerSkillsAmountVerificationTest -->
